<?xml version="1.0" encoding="UTF-8"?>
<!-- Generated by org.testng.reporters.JUnitXMLReporter -->
<testsuite ignored="0" hostname="RNT-PUN-1138" failures="1" tests="4" name="Test" time="40.917" errors="0" timestamp="28 Jun 2022 11:34:45 GMT">
  <testcase classname="Tests.UseInsider" name="openBrowser" time="19.849"/>
  <testcase classname="Tests.TestClassUsingListeners" name="failTestCase" time="0.002">
    <failure type="java.lang.AssertionError" message="null">
      <![CDATA[java.lang.AssertionError: null
at Tests.TestClassUsingListeners.failTestCase(TestClassUsingListeners.java:36)
... Removed 25 stack frames]]>
    </failure>
  </testcase> <!-- failTestCase -->
  <testcase classname="Tests.TestClassUsingListeners" name="passTestCase" time="16.893"/>
  <testcase classname="Tests.TestClassUsingListeners" name="skipTestCase" time="0.001">
    <skipped/>
  </testcase> <!-- skipTestCase -->
</testsuite> <!-- Test -->
