<?xml version="1.0" encoding="UTF-8"?>
<testng-results ignored="0" total="1" passed="1" failed="0" skipped="0">
  <reporter-output>
  </reporter-output>
  <suite started-at="2022-06-27T14:52:26 IST" name="Default suite" finished-at="2022-06-27T14:52:47 IST" duration-ms="21826">
    <groups>
    </groups>
    <test started-at="2022-06-27T14:52:26 IST" name="Default test" finished-at="2022-06-27T14:52:47 IST" duration-ms="21826">
      <class name="Tests.UseInsider">
        <test-method signature="openBrowser()[pri:0, instance:Tests.UseInsider@6e0f5f7f]" started-at="2022-06-27T14:52:26 IST" name="openBrowser" finished-at="2022-06-27T14:52:47 IST" duration-ms="21459" status="PASS">
          <reporter-output>
          </reporter-output>
        </test-method> <!-- openBrowser -->
        <test-method is-config="true" signature="closeBrowser()[pri:0, instance:Tests.UseInsider@6e0f5f7f]" started-at="2022-06-27T14:52:47 IST" name="closeBrowser" finished-at="2022-06-27T14:52:47 IST" duration-ms="246" status="PASS">
          <reporter-output>
          </reporter-output>
        </test-method> <!-- closeBrowser -->
      </class> <!-- Tests.UseInsider -->
    </test> <!-- Default test -->
  </suite> <!-- Default suite -->
</testng-results>
