<?xml version="1.0" encoding="UTF-8"?>
<testng-results ignored="0" total="1" passed="1" failed="0" skipped="0">
  <reporter-output>
  </reporter-output>
  <suite started-at="2022-06-25T14:20:56 IST" name="Default suite" finished-at="2022-06-25T14:21:13 IST" duration-ms="16669">
    <groups>
    </groups>
    <test started-at="2022-06-25T14:20:56 IST" name="Default test" finished-at="2022-06-25T14:21:13 IST" duration-ms="16669">
      <class name="Tests.UseInsider">
        <test-method signature="openBrowser()[pri:0, instance:Tests.UseInsider@5d0a1059]" started-at="2022-06-25T14:20:56 IST" name="openBrowser" finished-at="2022-06-25T14:21:08 IST" duration-ms="12365" status="PASS">
          <reporter-output>
          </reporter-output>
        </test-method> <!-- openBrowser -->
        <test-method is-config="true" signature="closeBrowser()[pri:0, instance:Tests.UseInsider@5d0a1059]" started-at="2022-06-25T14:21:08 IST" name="closeBrowser" finished-at="2022-06-25T14:21:13 IST" duration-ms="4263" status="PASS">
          <reporter-output>
          </reporter-output>
        </test-method> <!-- closeBrowser -->
      </class> <!-- Tests.UseInsider -->
    </test> <!-- Default test -->
  </suite> <!-- Default suite -->
</testng-results>
